[debug] [2019-01-28T15:58:20.306Z] ----------------------------------------------------------------------
[debug] [2019-01-28T15:58:20.313Z] Command:       C:\Program Files\nodejs\node.exe C:\Users\gleen\AppData\Roaming\npm\node_modules\firebase-tools\lib\bin\firebase.js deploy
[debug] [2019-01-28T15:58:20.313Z] CLI Version:   6.3.0
[debug] [2019-01-28T15:58:20.314Z] Platform:      win32
[debug] [2019-01-28T15:58:20.314Z] Node Version:  v10.14.1
[debug] [2019-01-28T15:58:20.318Z] Time:          Mon Jan 28 2019 23:58:20 GMT+0800 (Malaysia Time)
[debug] [2019-01-28T15:58:20.319Z] ----------------------------------------------------------------------
[debug] 
[debug] [2019-01-28T15:58:20.374Z] > command requires scopes: ["email","openid","https://www.googleapis.com/auth/cloudplatformprojects.readonly","https://www.googleapis.com/auth/firebase","https://www.googleapis.com/auth/cloud-platform"]
[debug] [2019-01-28T15:58:20.375Z] > authorizing via signed-in user
[debug] [2019-01-28T15:58:20.376Z] [iam] checking project super-todo-app for permissions ["firebase.projects.get","firebasedatabase.instances.update","firebasehosting.sites.update"]
[debug] [2019-01-28T15:58:20.382Z] > refreshing access token with scopes: ["email","https://www.googleapis.com/auth/cloud-platform","https://www.googleapis.com/auth/cloudplatformprojects.readonly","https://www.googleapis.com/auth/firebase","openid"]
[debug] [2019-01-28T15:58:20.383Z] >>> HTTP REQUEST POST https://www.googleapis.com/oauth2/v3/token  
 <request body omitted>
[debug] [2019-01-28T15:58:20.594Z] <<< HTTP RESPONSE 200
[debug] [2019-01-28T15:58:20.614Z] >>> HTTP REQUEST POST https://cloudresourcemanager.googleapis.com/v1/projects/super-todo-app:testIamPermissions  

[debug] [2019-01-28T15:58:21.811Z] <<< HTTP RESPONSE 200
[debug] [2019-01-28T15:58:21.818Z] >>> HTTP REQUEST GET https://firebase.googleapis.com/v1beta1/projects/super-todo-app  
 
[debug] [2019-01-28T15:58:22.129Z] <<< HTTP RESPONSE 200
[info] 
[info] === Deploying to 'super-todo-app'...
[info] 
[info] i  deploying database, hosting
[info] i  database: checking rules syntax...
[debug] [2019-01-28T15:58:22.155Z] >>> HTTP REQUEST PUT https://super-todo-app.firebaseio.com/.settings/rules.json?dryRun=true  
 {
  /* Visit https://firebase.google.com/docs/database/security to learn more about security rules. */
  "rules": {
    ".read": true,
    ".write": true
  }
}
[debug] [2019-01-28T15:58:23.103Z] <<< HTTP RESPONSE 200
[info] +  database: rules syntax for database super-todo-app is valid
[debug] [2019-01-28T15:58:23.109Z] >>> HTTP REQUEST POST https://firebasehosting.googleapis.com/v1beta1/sites/super-todo-app/versions  

[debug] [2019-01-28T15:58:25.315Z] <<< HTTP RESPONSE 200
[info] i  hosting[super-todo-app]: beginning deploy...
[info] i  hosting[super-todo-app]: found 14 files in build
[debug] [2019-01-28T15:58:25.361Z] [hosting] hash cache [YnVpbGQ] load error: lines is not defined
[debug] [2019-01-28T15:58:26.094Z] [hosting] hash cache [YnVpbGQ] stored for 14 files
[debug] [2019-01-28T15:58:26.094Z] [hosting][hash queue][FINAL]
[debug] [2019-01-28T15:58:26.094Z] >>> HTTP REQUEST POST https://firebasehosting.googleapis.com/v1beta1/sites/super-todo-app/versions/850d723d68ab1399:populateFiles  
 <request body omitted>
[debug] [2019-01-28T15:58:27.877Z] <<< HTTP RESPONSE 200
[debug] [2019-01-28T15:58:27.905Z] [hosting][populate queue][FINAL]
[debug] [2019-01-28T15:58:27.905Z] [hosting] uploads queued: 10
[debug] [2019-01-28T15:58:31.735Z] [hosting][upload queue][FINAL]
[info] +  hosting[super-todo-app]: file upload complete
[debug] [2019-01-28T15:58:31.738Z] [hosting] deploy completed after 6420ms
[info] i  database: releasing rules...
[debug] [2019-01-28T15:58:31.810Z] >>> HTTP REQUEST PUT https://super-todo-app.firebaseio.com/.settings/rules.json  
 {
  /* Visit https://firebase.google.com/docs/database/security to learn more about security rules. */
  "rules": {
    ".read": true,
    ".write": true
  }
}
